C51 COMPILER V9.60.7.0   I2CADDRESSSCANNER                                                 08/13/2023 17:41:53 PAGE 1   


C51 COMPILER V9.60.7.0, COMPILATION OF MODULE I2CADDRESSSCANNER
OBJECT MODULE PLACED IN .\Objects\I2CAddressScanner.obj
COMPILER INVOKED BY: C:\Keil_v5\C51\BIN\C51.EXE I2CAddressScanner.c OPTIMIZE(8,SPEED) BROWSE DEBUG OBJECTEXTEND PRINT(.\
                    -Listings\I2CAddressScanner.lst) TABS(2) OBJECT(.\Objects\I2CAddressScanner.obj)

line level    source

   1          #include <reg52.h>
   2          #include "I2C.h"
   3          #include "LCD1602.h"
   4          #include "Delay.h"
   5          
   6          
   7          
   8          unsigned char count;
   9          
  10          //Scan IIC address
  11          void I2C_AddressScan() {
  12   1          unsigned char address;
  13   1          LCD_Init();
  14   1      
  15   1          // from 0x00 to 0xFF
  16   1          for (address = 0x00; address < 0xFF; address++) {
  17   2              I2C_Start();
  18   2              I2C_SendByte(address);
  19   2              if (!I2C_ReceiveAck()) {
  20   3                  //delay for clearly see the address change on lcd1602
  21   3                  Delay(2000);
  22   3                  count+=1;
  23   3                  LCD_ShowString(1,1,"0X");
  24   3                  LCD_ShowHexNum(1,3,address,2);
  25   3              }
  26   2      
  27   2              // after done , the sum will be shown on the screen
  28   2              if(address == 0xFE) {
  29   3                  LCD_ShowString(2,1, "Count:");
  30   3                  LCD_ShowNum(2,7,count,3);
  31   3              }
  32   2              I2C_Stop();
  33   2          }
  34   1      }


MODULE INFORMATION:   STATIC OVERLAYABLE
   CODE SIZE        =    103    ----
   CONSTANT SIZE    =     10    ----
   XDATA SIZE       =   ----    ----
   PDATA SIZE       =   ----    ----
   DATA SIZE        =      1       1
   IDATA SIZE       =   ----    ----
   BIT SIZE         =   ----    ----
END OF MODULE INFORMATION.


C51 COMPILATION COMPLETE.  0 WARNING(S),  0 ERROR(S)
